2025-04-02 15:51:41,970 - INFO - Initializing system...
2025-04-02 15:51:42,008 - INFO - Initializing embedding model...
2025-04-02 15:51:42,008 - INFO - Load pretrained SentenceTransformer: sentence-transformers/all-MiniLM-L6-v2
2025-04-02 15:52:07,970 - INFO - Model initialized in 25.96s
2025-04-02 15:52:07,970 - INFO - Loading embedding cache...
2025-04-02 15:52:07,970 - INFO - Processing documents...
2025-04-02 15:52:12,123 - INFO - Processed 2 new/updated files
2025-04-02 15:52:12,123 - INFO - Indexing 888 chunks...
2025-04-02 15:52:12,123 - INFO - Generating embeddings for 888 new chunks...
2025-04-02 15:53:25,347 - INFO - Upserted 888 vectors
2025-04-02 15:53:25,548 - INFO - Inserted 888 chunks into keyword database
2025-04-02 15:53:25,548 - INFO - Indexed 888 chunks successfully
2025-04-02 15:53:37,419 - ERROR - Search failed: no such column: fts_document_keywords
2025-04-02 15:53:43,948 - ERROR - Search failed: no such column: fts_document_keywords
2025-04-02 16:20:34,478 - INFO - Resources released successfully
2025-04-02 16:20:34,478 - INFO - System shutdown
2025-04-02 16:21:04,529 - INFO - Initializing system...
2025-04-02 16:21:04,577 - INFO - Initializing embedding model...
2025-04-02 16:21:04,577 - INFO - Load pretrained SentenceTransformer: sentence-transformers/all-MiniLM-L6-v2
2025-04-02 16:21:07,854 - INFO - Model initialized in 3.28s
2025-04-02 16:21:08,018 - INFO - Loading embedding cache...
2025-04-02 16:21:08,024 - INFO - Processing documents...
2025-04-02 16:21:12,598 - INFO - Processed 2 new/updated files
2025-04-02 16:21:12,598 - INFO - Indexing 888 chunks...
2025-04-02 16:21:12,598 - INFO - Generating embeddings for 888 new chunks...
2025-04-02 16:22:33,291 - INFO - Upserted 888 vectors
2025-04-02 16:22:33,551 - INFO - Inserted 888 chunks into keyword database
2025-04-02 16:22:33,551 - INFO - Indexed 888 chunks successfully
2025-04-02 16:22:47,377 - ERROR - Search failed: no such column: fts_document_keywords
2025-04-02 17:06:21,989 - INFO - Resources released successfully
2025-04-02 17:06:21,990 - INFO - System shutdown
2025-04-02 17:07:00,828 - INFO - Initializing system...
2025-04-02 17:07:00,957 - INFO - Initializing embedding model...
2025-04-02 17:07:00,959 - INFO - Load pretrained SentenceTransformer: sentence-transformers/all-MiniLM-L6-v2
2025-04-02 17:07:25,835 - INFO - Model initialized in 24.88s
2025-04-02 17:07:25,836 - INFO - Loading embedding cache...
2025-04-02 17:07:25,837 - INFO - Processing documents...
2025-04-02 17:07:29,939 - INFO - Processed 2 new/updated files
2025-04-02 17:07:29,939 - INFO - Indexing 888 chunks...
2025-04-02 17:07:29,940 - INFO - Generating embeddings for 888 new chunks...
2025-04-02 17:08:41,808 - INFO - Upserted 888 vectors
2025-04-02 17:08:42,004 - INFO - Inserted 888 chunks into keyword database
2025-04-02 17:08:42,004 - INFO - Indexed 888 chunks successfully
2025-04-02 17:09:03,089 - ERROR - Search failed: no such column: fts_document_keywords
2025-04-02 17:09:11,160 - INFO - Resources released successfully
2025-04-02 17:09:11,161 - INFO - System shutdown
2025-04-02 17:17:46,994 - INFO - Initializing system...
2025-04-02 17:17:47,103 - INFO - Initializing embedding model...
2025-04-02 17:17:47,104 - INFO - Load pretrained SentenceTransformer: sentence-transformers/all-MiniLM-L6-v2
2025-04-02 17:18:14,669 - INFO - Model initialized in 27.57s
2025-04-02 17:18:14,669 - INFO - Loading embedding cache...
2025-04-02 17:18:14,670 - INFO - Processing documents...
2025-04-02 17:18:18,886 - INFO - Processed 2 new/updated files
2025-04-02 17:18:18,886 - INFO - Indexing 888 chunks...
2025-04-02 17:18:18,887 - INFO - Generating embeddings for 888 new chunks...
2025-04-02 17:19:34,255 - INFO - Upserted 888 vectors
2025-04-02 17:19:34,262 - ERROR - Indexing failed: 'KeywordDatabase' object has no attribute 'insert_chunks'
2025-04-02 17:19:34,262 - ERROR - Fatal error: 'KeywordDatabase' object has no attribute 'insert_chunks'
2025-04-02 17:19:34,263 - INFO - Resources released successfully
2025-04-02 17:19:34,263 - INFO - System shutdown
2025-04-02 17:21:27,777 - INFO - Initializing system...
2025-04-02 17:21:27,900 - INFO - Initializing embedding model...
2025-04-02 17:21:27,901 - INFO - Load pretrained SentenceTransformer: sentence-transformers/all-MiniLM-L6-v2
2025-04-02 17:21:53,226 - INFO - Model initialized in 25.32s
2025-04-02 17:21:53,227 - INFO - Loading embedding cache...
2025-04-02 17:21:53,227 - INFO - Processing documents...
2025-04-02 17:21:57,883 - INFO - Processed 2 new/updated files
2025-04-02 17:21:57,884 - INFO - Indexing 888 chunks...
2025-04-02 17:21:57,884 - INFO - Generating embeddings for 888 new chunks...
2025-04-02 17:23:11,450 - INFO - Upserted 888 vectors
2025-04-02 17:23:11,607 - INFO - Inserted 888 chunks into keyword database
2025-04-02 17:23:11,608 - INFO - Indexed 888 chunks successfully
2025-04-02 17:23:19,320 - ERROR - Search failed: no such column: fts_document_keywords
2025-04-02 17:23:25,945 - ERROR - Search failed: no such column: fts_document_keywords
2025-04-02 17:23:31,716 - ERROR - Search failed: no such column: fts_document_keywords
2025-04-02 17:47:28,830 - INFO - Resources released successfully
2025-04-02 17:47:28,831 - INFO - System shutdown
2025-04-02 17:47:45,574 - INFO - Initializing system...
2025-04-02 17:47:45,709 - INFO - Initializing embedding model...
2025-04-02 17:47:45,710 - INFO - Load pretrained SentenceTransformer: sentence-transformers/all-MiniLM-L6-v2
2025-04-02 17:48:11,936 - INFO - Model initialized in 26.23s
2025-04-02 17:48:11,937 - INFO - Loading embedding cache...
2025-04-02 17:48:11,938 - INFO - Processing documents...
2025-04-02 17:48:16,328 - INFO - Processed 2 new/updated files
2025-04-02 17:48:16,329 - INFO - Indexing 888 chunks...
2025-04-02 17:48:16,332 - INFO - Generating embeddings for 888 new chunks...
2025-04-02 17:49:32,429 - INFO - Upserted 888 vectors
2025-04-02 17:49:32,435 - ERROR - Indexing failed: 'KeywordDatabase' object has no attribute 'insert_chunks'
2025-04-02 17:49:32,436 - ERROR - Fatal error: 'KeywordDatabase' object has no attribute 'insert_chunks'
2025-04-02 17:49:32,436 - INFO - Resources released successfully
2025-04-02 17:49:32,438 - INFO - System shutdown
2025-04-02 17:52:18,859 - INFO - Initializing system...
2025-04-02 17:52:19,054 - INFO - Initializing embedding model...
2025-04-02 17:52:19,054 - INFO - Load pretrained SentenceTransformer: sentence-transformers/all-MiniLM-L6-v2
2025-04-02 17:52:45,900 - INFO - Model initialized in 26.85s
2025-04-02 17:52:45,901 - INFO - Loading embedding cache...
2025-04-02 17:52:45,902 - INFO - Processing documents...
2025-04-02 17:52:50,052 - INFO - Processed 2 new/updated files
2025-04-02 17:52:50,052 - INFO - Indexing 888 chunks...
2025-04-02 17:52:50,053 - INFO - Generating embeddings for 888 new chunks...
2025-04-02 17:54:04,979 - INFO - Upserted 888 vectors
2025-04-02 17:54:05,167 - INFO - Inserted 888 chunks into keyword database
2025-04-02 17:54:05,168 - INFO - Indexed 888 chunks successfully
2025-04-02 17:54:16,956 - ERROR - Search failed: no such column: fts_document_keywords
2025-04-02 17:54:41,463 - ERROR - Search failed: no such column: fts_document_keywords
2025-04-02 17:54:48,794 - ERROR - Search failed: no such column: fts_document_keywords
2025-04-02 17:58:41,244 - INFO - Resources released successfully
2025-04-02 17:58:41,244 - INFO - System shutdown
2025-04-02 18:39:30,223 - INFO - Initializing system...
2025-04-02 18:39:30,343 - INFO - Initializing embedding model...
2025-04-02 18:39:30,343 - INFO - Load pretrained SentenceTransformer: sentence-transformers/all-MiniLM-L6-v2
2025-04-02 18:39:57,100 - INFO - Model initialized in 26.76s
2025-04-02 18:39:57,100 - INFO - Loading embedding cache...
2025-04-02 18:39:57,101 - INFO - Processing documents...
2025-04-02 18:40:01,565 - INFO - Processed 2 new/updated files
2025-04-02 18:40:01,565 - INFO - Indexing 888 chunks...
2025-04-02 18:40:01,565 - INFO - Generating embeddings for 888 new chunks...
2025-04-02 18:41:16,304 - INFO - Upserted 888 vectors
2025-04-02 18:41:17,180 - INFO - Inserted 888 chunks into keyword database
2025-04-02 18:41:17,181 - INFO - Indexed 888 chunks successfully
2025-04-02 18:41:28,006 - ERROR - Search failed: no such column: fts_document_keywords
2025-04-02 18:41:35,161 - INFO - Resources released successfully
2025-04-02 18:41:35,161 - INFO - System shutdown
2025-04-02 18:46:41,982 - INFO - Initializing system...
2025-04-02 18:46:42,200 - INFO - Initializing embedding model...
2025-04-02 18:46:42,200 - INFO - Load pretrained SentenceTransformer: sentence-transformers/all-MiniLM-L6-v2
2025-04-02 18:47:13,061 - INFO - Model initialized in 30.86s
2025-04-02 18:47:13,063 - INFO - Loading embedding cache...
2025-04-02 18:47:13,064 - INFO - Processing documents...
2025-04-02 18:47:17,037 - INFO - Processed 2 new/updated files
2025-04-02 18:47:17,039 - INFO - Indexing 888 chunks...
2025-04-02 18:47:17,040 - INFO - Generating embeddings for 888 new chunks...
2025-04-02 18:48:28,704 - INFO - Upserted 888 vectors
2025-04-02 18:48:29,453 - INFO - Inserted 888 chunks into keyword database
2025-04-02 18:48:29,454 - INFO - Indexed 888 chunks successfully
2025-04-02 18:48:34,463 - INFO - Searching with keywords: ['what', 'numpy']
2025-04-02 18:48:34,494 - ERROR - Hybrid search error: no such column: fts_document_keywords
2025-04-02 18:48:34,495 - INFO - Found 0 results
2025-04-02 18:48:43,480 - INFO - Searching with keywords: []
2025-04-02 18:48:43,507 - INFO - Found 5 results
2025-04-02 18:48:43,508 - INFO - Result 1: Score=1.0, PDF=data1.pdf
2025-04-02 18:48:43,508 - INFO - Result 2: Score=0.5, PDF=data1.pdf
2025-04-02 18:48:43,508 - INFO - Result 3: Score=0.3333333333333333, PDF=data1.pdf
2025-04-02 18:48:48,734 - INFO - Resources released successfully
2025-04-02 18:48:48,735 - INFO - System shutdown
2025-04-02 18:50:29,278 - INFO - Initializing system...
2025-04-02 18:50:29,447 - INFO - Initializing embedding model...
2025-04-02 18:50:29,448 - INFO - Load pretrained SentenceTransformer: sentence-transformers/all-MiniLM-L6-v2
2025-04-02 18:50:32,424 - INFO - Model initialized in 2.98s
2025-04-02 18:50:32,424 - INFO - Loading embedding cache...
2025-04-02 18:50:32,763 - INFO - Processing documents...
2025-04-02 18:50:32,784 - INFO - No new documents to process
2025-04-02 18:50:43,788 - INFO - Searching with keywords: ['what', 'numpy']
2025-04-02 18:50:43,820 - ERROR - Hybrid search error: no such column: fts_document_keywords
2025-04-02 18:50:43,820 - INFO - Found 0 results
2025-04-02 18:51:06,394 - INFO - Searching with keywords: []
2025-04-02 18:51:06,432 - INFO - Found 5 results
2025-04-02 18:51:06,432 - INFO - Result 1: Score=1.0, PDF=data1.pdf
2025-04-02 18:51:06,432 - INFO - Result 2: Score=0.5, PDF=data1.pdf
2025-04-02 18:51:06,432 - INFO - Result 3: Score=0.3333333333333333, PDF=data1.pdf
2025-04-02 19:02:07,810 - INFO - Initializing system...
2025-04-02 19:02:07,819 - ERROR - Fatal error: Storage folder C:\Users\siddh\OneDrive\Desktop\Semantic_search with Qdrant\qdrant_db is already accessed by another instance of Qdrant client. If you require concurrent access, use Qdrant server instead.
2025-04-02 19:02:07,820 - INFO - System shutdown
2025-04-02 19:07:08,920 - INFO - No valid PDFs found. Exiting.
2025-04-02 19:07:08,920 - INFO - System shutdown
2025-04-02 20:18:34,543 - INFO - No valid PDFs found. Exiting.
2025-04-02 20:18:34,543 - INFO - System shutdown
2025-04-02 20:24:14,717 - INFO - Initializing system...
2025-04-02 20:24:14,815 - INFO - Initializing embedding model...
2025-04-02 20:24:14,815 - INFO - Load pretrained SentenceTransformer: sentence-transformers/all-MiniLM-L6-v2
2025-04-02 20:24:41,012 - INFO - Model initialized in 26.20s
2025-04-02 20:24:41,012 - INFO - Loading embedding cache...
2025-04-02 20:24:41,014 - INFO - Processing documents...
2025-04-02 20:24:45,332 - INFO - Processed 2 files
2025-04-02 20:24:45,332 - INFO - Indexing 888 chunks...
2025-04-02 20:24:45,333 - INFO - Generating embeddings for 888 new chunks...
2025-04-02 20:26:00,825 - INFO - Upserted 888 vectors
2025-04-02 20:26:01,813 - INFO - Indexed 888 chunks successfully
2025-04-02 20:26:18,302 - INFO - Processing query: 'what is numpy'
2025-04-02 20:26:18,532 - INFO - Total results before filtering: 0
2025-04-02 20:26:29,543 - INFO - Resources released successfully
2025-04-02 20:26:29,544 - INFO - System shutdown
2025-04-02 20:35:43,999 - INFO - System shutdown
2025-04-02 20:36:31,548 - INFO - System shutdown
2025-04-02 20:37:38,762 - INFO - System shutdown
2025-04-02 20:58:44,704 - INFO - Initializing system...
2025-04-02 20:58:44,991 - INFO - Initializing embedding model...
2025-04-02 20:58:44,991 - INFO - Load pretrained SentenceTransformer: sentence-transformers/all-MiniLM-L6-v2
2025-04-02 20:58:48,163 - INFO - Model initialized in 3.17s
2025-04-02 20:58:48,164 - INFO - Loading embedding cache...
2025-04-02 20:58:48,529 - INFO - Processing documents...
2025-04-02 20:58:56,098 - INFO - Indexing 2756 chunks...
2025-04-02 20:58:56,099 - INFO - Generating embeddings for 1858 new chunks...
2025-04-02 21:00:57,625 - INFO - Upserted 2756 vectors
2025-04-02 21:00:57,644 - ERROR - Indexing failed: 'access_level'
2025-04-02 21:00:57,645 - ERROR - Fatal error: 'access_level'
2025-04-02 21:00:57,646 - INFO - Resources released successfully
2025-04-02 21:00:57,650 - INFO - System shutdown
2025-04-02 21:06:14,261 - INFO - Initializing system...
2025-04-02 21:06:14,699 - INFO - Initializing embedding model...
2025-04-02 21:06:14,699 - INFO - Load pretrained SentenceTransformer: sentence-transformers/all-MiniLM-L6-v2
2025-04-02 21:06:18,661 - INFO - Model initialized in 3.96s
2025-04-02 21:06:18,662 - INFO - Loading embedding cache...
2025-04-02 21:06:20,379 - INFO - Processing documents...
2025-04-02 21:06:20,418 - INFO - No new documents to process
2025-04-02 21:06:34,235 - INFO - Resources released successfully
2025-04-02 21:06:34,236 - INFO - System shutdown
2025-04-02 21:06:45,378 - INFO - Initializing system...
2025-04-02 21:06:45,700 - INFO - Initializing embedding model...
2025-04-02 21:06:45,700 - INFO - Load pretrained SentenceTransformer: sentence-transformers/all-MiniLM-L6-v2
2025-04-02 21:06:49,096 - INFO - Model initialized in 3.40s
2025-04-02 21:06:49,096 - INFO - Loading embedding cache...
2025-04-02 21:06:49,721 - INFO - Processing documents...
2025-04-02 21:06:49,752 - INFO - No new documents to process
2025-04-02 21:07:01,052 - INFO - Resources released successfully
2025-04-02 21:07:01,053 - INFO - System shutdown
